2025-03-14 10:00:01 INFO  [Server] Starting server on port 8080
2025-03-14 10:00:02 INFO  [Database] Connecting to MySQL database...
2025-03-14 10:00:03 INFO  [Database] Connection established successfully.
2025-03-14 10:00:04 WARN  [Cache] Redis cache is not responding, fallback enabled.
2025-03-14 10:00:05 INFO  [Auth] User 'admin' logged in from IP 192.168.1.1
2025-03-14 10:00:06 ERROR [API] Request to /users failed with status 500
2025-03-14 10:00:07 INFO  [Worker] Job #12345 started processing.
2025-03-14 10:00:08 DEBUG [Worker] Job #12345 processing step 1 completed.
2025-03-14 10:00:09 DEBUG [Worker] Job #12345 processing step 2 completed.
2025-03-14 10:00:10 INFO  [Worker] Job #12345 completed successfully.
2025-03-14 10:00:11 INFO  [API] Request to /users returned status 200
2025-03-14 10:00:12 INFO  [Auth] User 'guest' failed login attempt from IP 192.168.1.2
2025-03-14 10:00:13 WARN  [Security] Brute force attempt detected from IP 192.168.1.2
2025-03-14 10:00:14 INFO  [Server] Handling request GET /dashboard
2025-03-14 10:00:15 INFO  [Server] Response sent with status 200
2025-03-14 10:00:16 DEBUG [Cache] Cache miss for key 'dashboard_stats'
2025-03-14 10:00:17 INFO  [Cache] Data loaded from database for 'dashboard_stats'
2025-03-14 10:00:18 ERROR [Database] Query timeout occurred for SELECT * FROM users
2025-03-14 10:00:19 INFO  [Server] Handling request POST /login
2025-03-14 10:00:20 INFO  [Auth] User 'john_doe' logged in successfully
2025-03-14 10:00:21 INFO  [API] Request to /settings returned status 200
2025-03-14 10:00:22 DEBUG [Worker] Job #12346 queued for processing.
2025-03-14 10:00:23 INFO  [Worker] Job #12346 started processing.
2025-03-14 10:00:24 ERROR [Worker] Job #12346 failed due to invalid input.
2025-03-14 10:00:25 INFO  [Server] Handling request GET /reports
2025-03-14 10:00:26 INFO  [Server] Response sent with status 200
2025-03-14 10:00:27 WARN  [API] High response time detected for /users endpoint
2025-03-14 10:00:27 WARN  [API] High response time detected for /users endpoint
2025-03-14 10:00:27 WARN  [API] High response time detected for /users endpoint
2025-03-14 10:00:27 WARN  [API] High response time detected for /users endpoint
2025-03-14 10:00:27 WARN  [API] High response time detected for /users endpoint
